<?xml version='1.0' encoding='UTF-8'?>
<testsuite hostname="MSI" name="patmat.HuffmanSuite" tests="6" errors="0" failures="0" skipped="0" time="0.026" timestamp="2024-01-03T22:40:27">
          <properties>
      <property name="java.specification.version" value="17"/><property name="sun.cpu.isalist" value="amd64"/><property name="sun.jnu.encoding" value="Cp1252"/><property name="sun.arch.data.model" value="64"/><property name="java.vendor.url" value="https://java.oracle.com/"/><property name="sun.boot.library.path" value="C:\Program Files\Java\jdk-17.0.4.1\bin"/><property name="sun.java.command" value="xsbt.boot.Boot"/><property name="jdk.debug" value="release"/><property name="sun.stderr.encoding" value="cp437"/><property name="java.specification.vendor" value="Oracle Corporation"/><property name="java.version.date" value="2022-08-18"/><property name="java.home" value="C:\Program Files\Java\jdk-17.0.4.1"/><property name="file.separator" value="\"/><property name="java.vm.compressedOopsMode" value="32-bit"/><property name="line.separator" value="
"/><property name="sun.stdout.encoding" value="cp437"/><property name="java.vm.specification.vendor" value="Oracle Corporation"/><property name="java.specification.name" value="Java Platform API Specification"/><property name="user.script" value=""/><property name="sun.management.compiler" value="HotSpot 64-Bit Tiered Compilers"/><property name="java.runtime.version" value="17.0.4.1+1-LTS-2"/><property name="user.name" value="90541"/><property name="log4j.ignoreTCL" value="true"/><property name="file.encoding" value="UTF-8"/><property name="jnidispatch.path" value="C:\Users\90541\AppData\Local\Temp\jna-54123259\jna16056664908188279841.dll"/><property name="jna.loaded" value="true"/><property name="java.io.tmpdir" value="C:\Users\90541\AppData\Local\Temp\"/><property name="java.version" value="17.0.4.1"/><property name="java.vm.specification.name" value="Java Virtual Machine Specification"/><property name="sun.os.patch.level" value=""/><property name="native.encoding" value="Cp1252"/><property name="java.library.path" value="C:\Program Files\Java\jdk-17.0.4.1\bin;C:\Windows\Sun\Java\bin;C:\Windows\system32;C:\Windows;C:\gurobi1002\win64\bin;C:\Python311\Scripts\;C:\Python311\;C:\Program Files\Common Files\Oracle\Java\javapath;C:\Program Files (x86)\Common Files\Oracle\Java\javapath;C:\Windows\system32;C:\Windows;C:\Windows\System32\Wbem;C:\Windows\System32\WindowsPowerShell\v1.0\;C:\Windows\System32\OpenSSH\;C:\Program Files (x86)\NVIDIA Corporation\PhysX\Common;C:\Program Files\NVIDIA Corporation\NVIDIA NvDLISR;C:\Program Files\PuTTY\;C:\ProgramData\chocolatey\bin;C:\Users\90541\Algs4\algs4.jar;C:\Program Files\MATLAB\R2022b\bin;C:\Program Files\dotnet\;C:\Program Files\Microsoft SQL Server\150\Tools\Binn\;C:\Program Files\Microsoft SQL Server\Client SDK\ODBC\170\Tools\Binn\;C:\Program Files\Microsoft SQL Server\130\DTS\Binn\;C:\Program Files\Microsoft SQL Server\140\DTS\Binn\;C:\Program Files\Microsoft SQL Server\150\DTS\Binn\;C:\Program Files\Microsoft SQL Server\160\DTS\Binn\;C:\Program Files (x86)\Microsoft SQL Server\160\Tools\Binn\;C:\Program Files\Microsoft SQL Server\160\Tools\Binn\;C:\Program Files\nodejs\;C:\Program Files (x86)\Microsoft SQL Server\160\DTS\Binn\;C:\Program Files\Azure Data Studio\bin;C:\Python311\Scripts;C:\Program Files\Git\cmd;C:\Users\90541\.console-ninja\.bin;C:\Users\90541\AppData\Local\Programs\Python\Python312\Scripts\;C:\Users\90541\AppData\Local\Programs\Python\Python312\;C:\Users\90541\AppData\Local\Programs\Python\Python310\Scripts\;C:\Users\90541\AppData\Local\Programs\Python\Python310\;C:\Users\90541\AppData\Local\Microsoft\WindowsApps;C:\Users\90541\AppData\Local\gitkraken\bin;C:\Users\90541\AppData\Local\Programs\Microsoft VS Code\bin;C:\MinGW\bin;C:\Users\90541\Algs4\algs4.jar;C:\Users\90541\anaconda3\Library\bin;C:\Users\90541\anaconda3\Scripts;C:\Users\90541\anaconda3;C:\Users\90541\AppData\Roaming\Python\Python311\Scripts;C:\Users\90541\.dotnet\tools;C:\Users\90541\.dotnet\tools;C:\Users\90541\AppData\Roaming\npm;C:\Program Files\Azure Data Studio\bin;C:\Python311\Scripts;C:\Users\90541\AppData\Local\Coursier\data\bin;;."/><property name="java.vendor" value="Oracle Corporation"/><property name="scala.ext.dirs" value="C:\Users\90541\.sbt\1.0\java9-rt-ext-oracle_corporation_17_0_4_1"/><property name="sun.io.unicode.encoding" value="UnicodeLittle"/><property name="java.class.path" value="C:\Users\90541\AppData\Local\Coursier\cache\arc\https\github.com\sbt\sbt\releases\download\v1.9.8\sbt-1.9.8.zip\sbt\bin\sbt-launch.jar"/><property name="java.vm.vendor" value="Oracle Corporation"/><property name="user.variant" value=""/><property name="jline.shutdownhook" value="false"/><property name="user.timezone" value="Europe/Istanbul"/><property name="java.vm.specification.version" value="17"/><property name="os.name" value="Windows 10"/><property name="sun.java.launcher" value="SUN_STANDARD"/><property name="user.country" value="US"/><property name="sun.cpu.endian" value="little"/><property name="user.home" value="C:\Users\90541"/><property name="user.language" value="en"/><property name="sbt.ipcsocket.tmpdir" value="C:\Users\90541\AppData\Local\Temp\.sbta9ae0b86\ipcsocket"/><property name="swoval.tmpdir" value="C:\Users\90541\AppData\Local\Temp\.sbta9ae0b86\swoval"/><property name="jline.esc.timeout" value="0"/><property name="path.separator" value=";"/><property name="os.version" value="10.0"/><property name="jna.nosys" value="true"/><property name="java.runtime.name" value="Java(TM) SE Runtime Environment"/><property name="java.vm.name" value="Java HotSpot(TM) 64-Bit Server VM"/><property name="java.vendor.url.bug" value="https://bugreport.java.com/bugreport/"/><property name="user.dir" value="C:\Users\90541\Documents\Huffman-Encoding"/><property name="os.arch" value="amd64"/><property name="java.vm.info" value="mixed mode, sharing"/><property name="java.vm.version" value="17.0.4.1+1-LTS-2"/><property name="java.class.version" value="61.0"/>
    </properties>
          <testcase classname="patmat.HuffmanSuite" name="weight of a larger tree " time="0.018">
                      
                    </testcase><testcase classname="patmat.HuffmanSuite" name="chars of a larger tree " time="0.002">
                      
                    </testcase><testcase classname="patmat.HuffmanSuite" name="string2chars hello world" time="0.002">
                      
                    </testcase><testcase classname="patmat.HuffmanSuite" name="make ordered leaf list for some frequency table " time="0.001">
                      
                    </testcase><testcase classname="patmat.HuffmanSuite" name="combine of some leaf list " time="0.001">
                      
                    </testcase><testcase classname="patmat.HuffmanSuite" name="decode and encode a very short text should be identity " time="0.002">
                      
                    </testcase>
          <system-out><![CDATA[]]></system-out>
          <system-err><![CDATA[]]></system-err>
        </testsuite>